*** Mediatek Platform Used ***
============================================
PLATFORM_VERSION_CODENAME=REL
PLATFORM_VERSION=7.1.1
CM_VERSION=14.1-20161220-UNOFFICIAL-smart_surf2_4g
TARGET_PRODUCT=cm_smart_surf2_4g
TARGET_BUILD_VARIANT=userdebug
TARGET_BUILD_TYPE=release
TARGET_BUILD_APPS=
TARGET_ARCH=arm
TARGET_ARCH_VARIANT=armv7-a-neon
TARGET_CPU_VARIANT=cortex-a53
TARGET_2ND_ARCH=
TARGET_2ND_ARCH_VARIANT=
TARGET_2ND_CPU_VARIANT=
HOST_ARCH=x86_64
HOST_2ND_ARCH=x86
HOST_OS=linux
HOST_OS_EXTRA=Linux-4.4.0-53-generic-x86_64-with-Ubuntu-16.04-xenial
HOST_CROSS_OS=windows
HOST_CROSS_ARCH=x86
HOST_CROSS_2ND_ARCH=x86_64
HOST_BUILD_TYPE=release
BUILD_ID=NMF26Q
OUT_DIR=/home/decker/cm14.1/out
============================================
find: «src/android»: Нет такого файла или каталога
find: «src»: Нет такого файла или каталога
find: «../commonutil/src»: Нет такого файла или каталога
/bin/bash: строка 0: cd: cts/tests/libcore/ojluni/resources: Нет такого файла или каталога
find: «../../libs/commonutil/src»: Нет такого файла или каталога
build/core/binary.mk:1253: external/compiler-rt/Android.mk: libcompiler_rt: Unused source files: 

build/core/binary.mk:1253: external/compiler-rt/Android.mk: libcompiler_rt: Unused source files: 
 
 
 

build/core/binary.mk:1253: external/compiler-rt/Android.mk: libcompiler_rt: Unused source files: 
 
 
 

build/core/binary.mk:1253: external/deqp/Android.mk: libdeqp: Unused source files: \
find: «../../provider/java»: Нет такого файла или каталога
build/core/binary.mk:1253: external/pdfium/third_party/pdfiumbigint.mk: libpdfiumbigint: Unused source files: bigint/BigInteger.cc bigint/BigIntegerUtils.cc bigint/BigUnsigned.cc bigint/BigUnsignedInABase.cc
build/core/package_internal.mk:143: Empty argument supplied to find-subdir-assets
find: «src/android/bluetooth/client/pbap»: Нет такого файла или каталога
find: «/home/decker/cm14.1/out/target/common/obj/SHARED_LIBRARIES/libwifi-hal-mock_intermediates»: Нет такого файла или каталога
find: «dummy»: Нет такого файла или каталога
build/core/package_internal.mk:143: Empty argument supplied to find-subdir-assets
find: «dummy»: Нет такого файла или каталога
find: «dummy»: Нет такого файла или каталога
find: «dummy»: Нет такого файла или каталога
find: «InCallUI/src-N»: Нет такого файла или каталога
find: «../ContactsCommon/src-N»: Нет такого файла или каталога
find: «../PhoneCommon/src-N»: Нет такого файла или каталога
find: «InCallUI/src-N»: Нет такого файла или каталога
find: «../ContactsCommon/src-N»: Нет такого файла или каталога
find: «../PhoneCommon/src-N»: Нет такого файла или каталога
build/core/java.mk:328: цель «/home/decker/cm14.1/out/target/common/obj/APPS/Dialer_intermediates/src/src/org/codeaurora/presenceserv/IPresenceService.java» указана несколько раз в одном правиле
build/core/java.mk:328: цель «/home/decker/cm14.1/out/target/common/obj/APPS/Dialer_intermediates/src/src/org/codeaurora/presenceserv/IPresenceServiceCB.java» указана несколько раз в одном правиле
find: «dummy»: Нет такого файла или каталога
build/core/base_rules.mk:316: предупреждение: переопределение способа для цели «/home/decker/cm14.1/out/target/product/smart_surf2_4g/root/res/images/charger/battery_fail.png»
build/core/base_rules.mk:316: предупреждение: старый способ для цели «/home/decker/cm14.1/out/target/product/smart_surf2_4g/root/res/images/charger/battery_fail.png» игнорируются
find: «dummy»: Нет такого файла или каталога
build/core/Makefile:34: предупреждение: переопределение способа для цели «/home/decker/cm14.1/out/target/product/smart_surf2_4g/system/bin/uiautomator»
build/core/base_rules.mk:316: предупреждение: старый способ для цели «/home/decker/cm14.1/out/target/product/smart_surf2_4g/system/bin/uiautomator» игнорируются
build/core/Makefile:34: предупреждение: переопределение способа для цели «/home/decker/cm14.1/out/target/product/smart_surf2_4g/system/bin/pppd»
build/core/base_rules.mk:316: предупреждение: старый способ для цели «/home/decker/cm14.1/out/target/product/smart_surf2_4g/system/bin/pppd» игнорируются
build/core/Makefile:34: предупреждение: переопределение способа для цели «/home/decker/cm14.1/out/target/product/smart_surf2_4g/system/lib/libtinycompress.so»
build/core/base_rules.mk:316: предупреждение: старый способ для цели «/home/decker/cm14.1/out/target/product/smart_surf2_4g/system/lib/libtinycompress.so» игнорируются
build/core/Makefile:34: предупреждение: переопределение способа для цели «/home/decker/cm14.1/out/target/product/smart_surf2_4g/system/lib/libion.so»
build/core/base_rules.mk:316: предупреждение: старый способ для цели «/home/decker/cm14.1/out/target/product/smart_surf2_4g/system/lib/libion.so» игнорируются
build/core/Makefile:34: предупреждение: переопределение способа для цели «/home/decker/cm14.1/out/target/product/smart_surf2_4g/system/lib/libperfservicenative.so»
build/core/base_rules.mk:316: предупреждение: старый способ для цели «/home/decker/cm14.1/out/target/product/smart_surf2_4g/system/lib/libperfservicenative.so» игнорируются
build/core/Makefile:34: предупреждение: переопределение способа для цели «/home/decker/cm14.1/out/target/product/smart_surf2_4g/system/lib/libwebrtc_audio_preprocessing.so»
build/core/base_rules.mk:316: предупреждение: старый способ для цели «/home/decker/cm14.1/out/target/product/smart_surf2_4g/system/lib/libwebrtc_audio_preprocessing.so» игнорируются
build/core/Makefile:34: предупреждение: переопределение способа для цели «/home/decker/cm14.1/out/target/product/smart_surf2_4g/system/lib/libdpframework.so»
build/core/base_rules.mk:316: предупреждение: старый способ для цели «/home/decker/cm14.1/out/target/product/smart_surf2_4g/system/lib/libdpframework.so» игнорируются
build/core/Makefile:34: предупреждение: переопределение способа для цели «/home/decker/cm14.1/out/target/product/smart_surf2_4g/system/lib/libtinyxml.so»
build/core/base_rules.mk:316: предупреждение: старый способ для цели «/home/decker/cm14.1/out/target/product/smart_surf2_4g/system/lib/libtinyxml.so» игнорируются
build/core/Makefile:34: предупреждение: переопределение способа для цели «/home/decker/cm14.1/out/target/product/smart_surf2_4g/system/lib/libtinyalsa.so»
build/core/base_rules.mk:316: предупреждение: старый способ для цели «/home/decker/cm14.1/out/target/product/smart_surf2_4g/system/lib/libtinyalsa.so» игнорируются
build/core/Makefile:34: предупреждение: переопределение способа для цели «/home/decker/cm14.1/out/target/product/smart_surf2_4g/system/lib/libaudio-resampler.so»
build/core/base_rules.mk:316: предупреждение: старый способ для цели «/home/decker/cm14.1/out/target/product/smart_surf2_4g/system/lib/libaudio-resampler.so» игнорируются
build/core/Makefile:34: предупреждение: переопределение способа для цели «/home/decker/cm14.1/out/target/product/smart_surf2_4g/system/lib/hw/gralloc.default.so»
build/core/base_rules.mk:316: предупреждение: старый способ для цели «/home/decker/cm14.1/out/target/product/smart_surf2_4g/system/lib/hw/gralloc.default.so» игнорируются
build/core/Makefile:34: предупреждение: переопределение способа для цели «/home/decker/cm14.1/out/target/product/smart_surf2_4g/system/lib/hw/keystore.default.so»
build/core/base_rules.mk:316: предупреждение: старый способ для цели «/home/decker/cm14.1/out/target/product/smart_surf2_4g/system/lib/hw/keystore.default.so» игнорируются
build/core/Makefile:34: предупреждение: переопределение способа для цели «/home/decker/cm14.1/out/target/product/smart_surf2_4g/system/lib/hw/vibrator.default.so»
build/core/base_rules.mk:316: предупреждение: старый способ для цели «/home/decker/cm14.1/out/target/product/smart_surf2_4g/system/lib/hw/vibrator.default.so» игнорируются
build/core/Makefile:34: предупреждение: переопределение способа для цели «/home/decker/cm14.1/out/target/product/smart_surf2_4g/system/lib/hw/local_time.default.so»
build/core/base_rules.mk:316: предупреждение: старый способ для цели «/home/decker/cm14.1/out/target/product/smart_surf2_4g/system/lib/hw/local_time.default.so» игнорируются
build/core/Makefile:34: предупреждение: переопределение способа для цели «/home/decker/cm14.1/out/target/product/smart_surf2_4g/system/lib/hw/power.default.so»
build/core/base_rules.mk:316: предупреждение: старый способ для цели «/home/decker/cm14.1/out/target/product/smart_surf2_4g/system/lib/hw/power.default.so» игнорируются
build/core/Makefile:34: предупреждение: переопределение способа для цели «/home/decker/cm14.1/out/target/product/smart_surf2_4g/system/lib/libperfservice.so»
build/core/base_rules.mk:316: предупреждение: старый способ для цели «/home/decker/cm14.1/out/target/product/smart_surf2_4g/system/lib/libperfservice.so» игнорируются
build/core/Makefile:34: предупреждение: переопределение способа для цели «/home/decker/cm14.1/out/target/product/smart_surf2_4g/system/lib/libcurl.so»
build/core/base_rules.mk:316: предупреждение: старый способ для цели «/home/decker/cm14.1/out/target/product/smart_surf2_4g/system/lib/libcurl.so» игнорируются
build/core/Makefile:34: предупреждение: переопределение способа для цели «/home/decker/cm14.1/out/target/product/smart_surf2_4g/system/vendor/lib/mediadrm/libmockdrmcryptoplugin.so»
build/core/base_rules.mk:316: предупреждение: старый способ для цели «/home/decker/cm14.1/out/target/product/smart_surf2_4g/system/vendor/lib/mediadrm/libmockdrmcryptoplugin.so» игнорируются
build/core/Makefile:34: предупреждение: переопределение способа для цели «/home/decker/cm14.1/out/target/product/smart_surf2_4g/system/vendor/lib/mediadrm/libdrmclearkeyplugin.so»
build/core/base_rules.mk:316: предупреждение: старый способ для цели «/home/decker/cm14.1/out/target/product/smart_surf2_4g/system/vendor/lib/mediadrm/libdrmclearkeyplugin.so» игнорируются
build/core/Makefile:34: предупреждение: переопределение способа для цели «/home/decker/cm14.1/out/target/product/smart_surf2_4g/system/lib/hw/audio.a2dp.default.so»
build/core/base_rules.mk:316: предупреждение: старый способ для цели «/home/decker/cm14.1/out/target/product/smart_surf2_4g/system/lib/hw/audio.a2dp.default.so» игнорируются
build/core/Makefile:34: предупреждение: переопределение способа для цели «/home/decker/cm14.1/out/target/product/smart_surf2_4g/system/lib/hw/audio_policy.stub.so»
build/core/base_rules.mk:316: предупреждение: старый способ для цели «/home/decker/cm14.1/out/target/product/smart_surf2_4g/system/lib/hw/audio_policy.stub.so» игнорируются
build/core/Makefile:34: предупреждение: переопределение способа для цели «/home/decker/cm14.1/out/target/product/smart_surf2_4g/root/init.rc»
build/core/base_rules.mk:316: предупреждение: старый способ для цели «/home/decker/cm14.1/out/target/product/smart_surf2_4g/root/init.rc» игнорируются
build/core/Makefile:34: предупреждение: переопределение способа для цели «/home/decker/cm14.1/out/target/product/smart_surf2_4g/system/etc/init/audioserver.rc»
build/core/base_rules.mk:338: предупреждение: старый способ для цели «/home/decker/cm14.1/out/target/product/smart_surf2_4g/system/etc/init/audioserver.rc» игнорируются
build/core/Makefile:34: предупреждение: переопределение способа для цели «/home/decker/cm14.1/out/target/product/smart_surf2_4g/system/etc/init/mediacodec.rc»
build/core/base_rules.mk:338: предупреждение: старый способ для цели «/home/decker/cm14.1/out/target/product/smart_surf2_4g/system/etc/init/mediacodec.rc» игнорируются
build/core/Makefile:34: предупреждение: переопределение способа для цели «/home/decker/cm14.1/out/target/product/smart_surf2_4g/system/etc/init/cameraserver.rc»
build/core/base_rules.mk:338: предупреждение: старый способ для цели «/home/decker/cm14.1/out/target/product/smart_surf2_4g/system/etc/init/cameraserver.rc» игнорируются
build/core/Makefile:34: предупреждение: переопределение способа для цели «/home/decker/cm14.1/out/target/product/smart_surf2_4g/system/etc/init/rild.rc»
build/core/base_rules.mk:338: предупреждение: старый способ для цели «/home/decker/cm14.1/out/target/product/smart_surf2_4g/system/etc/init/rild.rc» игнорируются
PRODUCT_COPY_FILES system/core/rootdir/init.usb.rc:root/init.usb.rc ignored.
PRODUCT_COPY_FILES system/core/rootdir/ueventd.rc:root/ueventd.rc ignored.
No private recovery resources for TARGET_DEVICE smart_surf2_4g
vendor/cm/build/tasks/kernel.mk:160: ***************************************************************
vendor/cm/build/tasks/kernel.mk:161: * Using prebuilt kernel binary instead of source              *
vendor/cm/build/tasks/kernel.mk:162: * THIS IS DEPRECATED, AND WILL BE DISCONTINUED                *
vendor/cm/build/tasks/kernel.mk:163: * Please configure your device to download the kernel         *
vendor/cm/build/tasks/kernel.mk:164: * source repository to kernel/mts/smart_surf2_4g
vendor/cm/build/tasks/kernel.mk:165: * See http://wiki.cyanogenmod.org/w/Doc:_integrated_kernel_building
vendor/cm/build/tasks/kernel.mk:166: * for more information                                        *
vendor/cm/build/tasks/kernel.mk:167: ***************************************************************
Generate Toybox links: acpi arp base64 basename blkid blockdev bzcat cal cat chattr chcon chgrp chmod chown chroot chrt cksum clear cmp comm cp cpio cut date dd df diff dirname dmesg dos2unix du echo egrep env expand expr fallocate false fdisk fgrep file find flock free freeramdisk fsfreeze fstype ftpget ftpput getenforce getfattr getprop grep groups head help host hostname hwclock id ifconfig inotifyd insmod install ionice iorenice iotop kill killall ln load_policy log logname losetup ls lsattr lsmod lsof lspci lsusb makedevs md5sum mkdir mkfifo mknod mkswap mktemp modinfo more mount mountpoint mv nbd-client nc netcat netstat nice nl nohup nproc od partprobe paste patch pgrep pidof pivot_root pkill pmap printenv printf ps pwd pwdx readahead readlink realpath renice reset resize restorecon rev rfkill rm rmdir rmmod route runcon sed sendevent seq setenforce setfattr setprop setsid sha1sum sha224sum sha256sum sha384sum sha512sum sleep sort split start stat stop strings swapoff swapon sync sysctl tac tail tar taskset tee telnet test time timeout top touch tr traceroute traceroute6 true truncate tty tunctl ulimit umount uname uniq unix2dos uptime usleep vconfig vmstat watch wc which whoami xargs xxd xzcat yes
Ensure Jack server is installed and started
Jack server already installed in "/home/decker/.jack-server"
target Symbolic: libmedia (/home/decker/cm14.1/out/target/product/smart_surf2_4g/symbols/system/lib/libmedia.so)
Server is already running
target thumb C++: libstagefright <= frameworks/av/media/libstagefright/ACodec.cpp
target thumb C++: libstagefright <= frameworks/av/media/libstagefright/AACExtractor.cpp
target thumb C++: libstagefright <= frameworks/av/media/libstagefright/AACWriter.cpp
target thumb C++: libstagefright <= frameworks/av/media/libstagefright/AMRExtractor.cpp
target thumb C++: libstagefright <= frameworks/av/media/libstagefright/AMRWriter.cpp
target thumb C++: libstagefright <= frameworks/av/media/libstagefright/AudioPlayer.cpp
target thumb C++: libstagefright <= frameworks/av/media/libstagefright/AudioSource.cpp
target thumb C++: libstagefright <= frameworks/av/media/libstagefright/CallbackDataSource.cpp
target thumb C++: libstagefright <= frameworks/av/media/libstagefright/CameraSource.cpp
target thumb C++: libstagefright <= frameworks/av/media/libstagefright/CameraSourceTimeLapse.cpp
target thumb C++: libstagefright <= frameworks/av/media/libstagefright/CodecBase.cpp
target thumb C++: libstagefright <= frameworks/av/media/libstagefright/DataConverter.cpp
target thumb C++: libstagefright <= frameworks/av/media/libstagefright/DataSource.cpp
target thumb C++: libstagefright <= frameworks/av/media/libstagefright/DataURISource.cpp
target thumb C++: libstagefright <= frameworks/av/media/libstagefright/DRMExtractor.cpp
target thumb C++: libstagefright <= frameworks/av/media/libstagefright/ESDS.cpp
target thumb C++: libstagefright <= frameworks/av/media/libstagefright/FileSource.cpp
target thumb C++: libstagefright <= frameworks/av/media/libstagefright/FLACExtractor.cpp
target thumb C++: libstagefright <= frameworks/av/media/libstagefright/FrameRenderTracker.cpp
target thumb C++: libstagefright <= frameworks/av/media/libstagefright/HTTPBase.cpp
target thumb C++: libstagefright <= frameworks/av/media/libstagefright/HevcUtils.cpp
target thumb C++: libstagefright <= frameworks/av/media/libstagefright/JPEGSource.cpp
target thumb C++: libstagefright <= frameworks/av/media/libstagefright/MP3Extractor.cpp
target thumb C++: libstagefright <= frameworks/av/media/libstagefright/MPEG2TSWriter.cpp
target thumb C++: libstagefright <= frameworks/av/media/libstagefright/MPEG4Extractor.cpp
target thumb C++: libstagefright <= frameworks/av/media/libstagefright/MPEG4Writer.cpp
target thumb C++: libstagefright <= frameworks/av/media/libstagefright/MediaAdapter.cpp
target thumb C++: libstagefright <= frameworks/av/media/libstagefright/MediaClock.cpp
target thumb C++: libstagefright <= frameworks/av/media/libstagefright/MediaCodec.cpp
target thumb C++: libstagefright <= frameworks/av/media/libstagefright/MediaCodecList.cpp
target thumb C++: libstagefright <= frameworks/av/media/libstagefright/MediaCodecListOverrides.cpp
target thumb C++: libstagefright <= frameworks/av/media/libstagefright/MediaCodecSource.cpp
target thumb C++: libstagefright <= frameworks/av/media/libstagefright/MediaDefs.cpp
target thumb C++: libstagefright <= frameworks/av/media/libstagefright/MediaExtractor.cpp
target thumb C++: libstagefright <= frameworks/av/media/libstagefright/MediaSync.cpp
target thumb C++: libstagefright <= frameworks/av/media/libstagefright/MidiExtractor.cpp
target thumb C++: libstagefright <= frameworks/av/media/libstagefright/http/MediaHTTP.cpp
target thumb C++: libstagefright <= frameworks/av/media/libstagefright/MediaMuxer.cpp
target thumb C++: libstagefright <= frameworks/av/media/libstagefright/MediaSource.cpp
target thumb C++: libstagefright <= frameworks/av/media/libstagefright/NuCachedSource2.cpp
target thumb C++: libstagefright <= frameworks/av/media/libstagefright/NuMediaExtractor.cpp
target thumb C++: libstagefright <= frameworks/av/media/libstagefright/OMXClient.cpp
target thumb C++: libstagefright <= frameworks/av/media/libstagefright/OggExtractor.cpp
target thumb C++: libstagefright <= frameworks/av/media/libstagefright/ProcessInfo.cpp
target thumb C++: libstagefright <= frameworks/av/media/libstagefright/SampleIterator.cpp
target thumb C++: libstagefright <= frameworks/av/media/libstagefright/SampleTable.cpp
target thumb C++: libstagefright <= frameworks/av/media/libstagefright/SimpleDecodingSource.cpp
target thumb C++: libstagefright <= frameworks/av/media/libstagefright/SkipCutBuffer.cpp
target thumb C++: libstagefright <= frameworks/av/media/libstagefright/StagefrightMediaScanner.cpp
target thumb C++: libstagefright <= frameworks/av/media/libstagefright/StagefrightMetadataRetriever.cpp
target thumb C++: libstagefright <= frameworks/av/media/libstagefright/SurfaceMediaSource.cpp
target thumb C++: libstagefright <= frameworks/av/media/libstagefright/SurfaceUtils.cpp
target thumb C++: libstagefright <= frameworks/av/media/libstagefright/ThrottledSource.cpp
target thumb C++: libstagefright <= frameworks/av/media/libstagefright/Utils.cpp
target thumb C++: libstagefright <= frameworks/av/media/libstagefright/VBRISeeker.cpp
target thumb C++: libstagefright <= frameworks/av/media/libstagefright/VideoFrameScheduler.cpp
target thumb C++: libstagefright <= frameworks/av/media/libstagefright/WAVExtractor.cpp
target thumb C++: libstagefright <= frameworks/av/media/libstagefright/WAVEWriter.cpp
target thumb C++: libstagefright <= frameworks/av/media/libstagefright/WVMExtractor.cpp
target thumb C++: libstagefright <= frameworks/av/media/libstagefright/XINGSeeker.cpp
target thumb C++: libstagefright <= frameworks/av/media/libstagefright/avc_utils.cpp
target thumb C++: libstagefright <= frameworks/av/media/libstagefright/FFMPEGSoftCodec.cpp
target Unpacked: libdpframework (/home/decker/cm14.1/out/target/product/smart_surf2_4g/obj/SHARED_LIBRARIES/libdpframework_intermediates/PACKED/libdpframework.so)
target thumb C++: libstagefright_color_conversion <= frameworks/av/media/libstagefright/colorconversion/ColorConverter.cpp
target thumb C++: libstagefright_color_conversion <= frameworks/av/media/libstagefright/colorconversion/SoftwareRenderer.cpp
target StaticLib: libavextensions (/home/decker/cm14.1/out/target/product/smart_surf2_4g/obj/STATIC_LIBRARIES/libavextensions_intermediates/libavextensions.a)
Generate Toybox links: acpi arp base64 basename blkid blockdev bzcat cal cat chattr chcon chgrp chmod chown chroot chrt cksum clear cmp comm cp cpio cut date dd df diff dirname dmesg dos2unix du echo egrep env expand expr fallocate false fdisk fgrep file find flock free freeramdisk fsfreeze fstype ftpget ftpput getenforce getfattr getprop grep groups head help host hostname hwclock id ifconfig inotifyd insmod install ionice iorenice iotop kill killall ln load_policy log logname losetup ls lsattr lsmod lsof lspci lsusb makedevs md5sum mkdir mkfifo mknod mkswap mktemp modinfo more mount mountpoint mv nbd-client nc netcat netstat nice nl nohup nproc od partprobe paste patch pgrep pidof pivot_root pkill pmap printenv printf ps pwd pwdx readahead readlink realpath renice reset resize restorecon rev rfkill rm rmdir rmmod route runcon sed sendevent seq setenforce setfattr setprop setsid sha1sum sha224sum sha256sum sha384sum sha512sum sleep sort split start stat stop strings swapoff swapon sync sysctl tac tail tar taskset tee telnet test time timeout top touch tr traceroute traceroute6 true truncate tty tunctl ulimit umount uname uniq unix2dos uptime usleep vconfig vmstat watch wc which whoami xargs xxd xzcat yes
target Unpacked: libperfservice (/home/decker/cm14.1/out/target/product/smart_surf2_4g/obj/SHARED_LIBRARIES/libperfservice_intermediates/PACKED/libperfservice.so)
Install: /home/decker/cm14.1/out/target/product/smart_surf2_4g/system/usr/share/vim/autoload/spacehi.vim
Install: /home/decker/cm14.1/out/target/product/smart_surf2_4g/system/usr/share/vim/colors/default.vim
Install: /home/decker/cm14.1/out/target/product/smart_surf2_4g/system/usr/share/vim/colors/desert.vim
Install: /home/decker/cm14.1/out/target/product/smart_surf2_4g/system/usr/share/vim/doc/editing.txt
Install: /home/decker/cm14.1/out/target/product/smart_surf2_4g/system/usr/share/vim/doc/help.txt
Install: /home/decker/cm14.1/out/target/product/smart_surf2_4g/system/usr/share/vim/doc/intro.txt
Install: /home/decker/cm14.1/out/target/product/smart_surf2_4g/system/usr/share/vim/doc/motion.txt
Install: /home/decker/cm14.1/out/target/product/smart_surf2_4g/system/usr/share/vim/doc/options.txt
Install: /home/decker/cm14.1/out/target/product/smart_surf2_4g/system/usr/share/vim/doc/scroll.txt
Install: /home/decker/cm14.1/out/target/product/smart_surf2_4g/system/usr/share/vim/doc/tags
Install: /home/decker/cm14.1/out/target/product/smart_surf2_4g/system/usr/share/vim/doc/term.txt
Install: external/bash/etc/bash_logout -> /home/decker/cm14.1/out/target/product/smart_surf2_4g/system/etc/bash/
Install: external/bash/etc/bashrc -> /home/decker/cm14.1/out/target/product/smart_surf2_4g/system/etc/bash/
Install: external/nano/etc/asm.nanorc -> /home/decker/cm14.1/out/target/product/smart_surf2_4g/system/etc/nano/
Install: external/nano/etc/awk.nanorc -> /home/decker/cm14.1/out/target/product/smart_surf2_4g/system/etc/nano/
Install: external/nano/etc/c.nanorc -> /home/decker/cm14.1/out/target/product/smart_surf2_4g/system/etc/nano/
Install: external/nano/etc/cmake.nanorc -> /home/decker/cm14.1/out/target/product/smart_surf2_4g/system/etc/nano/
Install: external/nano/etc/css.nanorc -> /home/decker/cm14.1/out/target/product/smart_surf2_4g/system/etc/nano/
Install: external/nano/etc/fortran.nanorc -> /home/decker/cm14.1/out/target/product/smart_surf2_4g/system/etc/nano/
Install: external/nano/etc/groff.nanorc -> /home/decker/cm14.1/out/target/product/smart_surf2_4g/system/etc/nano/
Install: external/nano/etc/html.nanorc -> /home/decker/cm14.1/out/target/product/smart_surf2_4g/system/etc/nano/
Install: external/nano/etc/java.nanorc -> /home/decker/cm14.1/out/target/product/smart_surf2_4g/system/etc/nano/
Install: external/nano/etc/makefile.nanorc -> /home/decker/cm14.1/out/target/product/smart_surf2_4g/system/etc/nano/
Install: external/nano/etc/nanorc -> /home/decker/cm14.1/out/target/product/smart_surf2_4g/system/etc/nano/
Install: external/nano/etc/nanorc.nanorc -> /home/decker/cm14.1/out/target/product/smart_surf2_4g/system/etc/nano/
Install: external/nano/etc/objc.nanorc -> /home/decker/cm14.1/out/target/product/smart_surf2_4g/system/etc/nano/
Install: external/nano/etc/ocaml.nanorc -> /home/decker/cm14.1/out/target/product/smart_surf2_4g/system/etc/nano/
Install: external/nano/etc/patch.nanorc -> /home/decker/cm14.1/out/target/product/smart_surf2_4g/system/etc/nano/
Install: external/nano/etc/perl.nanorc -> /home/decker/cm14.1/out/target/product/smart_surf2_4g/system/etc/nano/
Install: external/nano/etc/php.nanorc -> /home/decker/cm14.1/out/target/product/smart_surf2_4g/system/etc/nano/
Install: external/nano/etc/python.nanorc -> /home/decker/cm14.1/out/target/product/smart_surf2_4g/system/etc/nano/
Install: external/nano/etc/ruby.nanorc -> /home/decker/cm14.1/out/target/product/smart_surf2_4g/system/etc/nano/
Install: external/nano/etc/sh.nanorc -> /home/decker/cm14.1/out/target/product/smart_surf2_4g/system/etc/nano/
Install: external/nano/etc/tcl.nanorc -> /home/decker/cm14.1/out/target/product/smart_surf2_4g/system/etc/nano/
Install: external/nano/etc/tex.nanorc -> /home/decker/cm14.1/out/target/product/smart_surf2_4g/system/etc/nano/
Install: external/nano/etc/xml.nanorc -> /home/decker/cm14.1/out/target/product/smart_surf2_4g/system/etc/nano/
Install: /home/decker/cm14.1/out/target/product/smart_surf2_4g/system/usr/share/vim/filetype.vim
Install: /home/decker/cm14.1/out/target/product/smart_surf2_4g/system/usr/share/vim/ftoff.vim
Install: /home/decker/cm14.1/out/target/product/smart_surf2_4g/system/usr/share/vim/indent.vim
Install: /home/decker/cm14.1/out/target/product/smart_surf2_4g/system/usr/share/vim/indoff.vim
Install: /home/decker/cm14.1/out/target/product/smart_surf2_4g/system/usr/share/vim/plugin/matchparen.vim
Install: /home/decker/cm14.1/out/target/product/smart_surf2_4g/system/usr/share/vim/scripts.vim
Install: /home/decker/cm14.1/out/target/product/smart_surf2_4g/system/usr/share/vim/syntax/awk.vim
Install: /home/decker/cm14.1/out/target/product/smart_surf2_4g/system/usr/share/vim/syntax/c.vim
Install: /home/decker/cm14.1/out/target/product/smart_surf2_4g/system/usr/share/vim/syntax/conf.vim
Install: /home/decker/cm14.1/out/target/product/smart_surf2_4g/system/usr/share/vim/syntax/config.vim
Install: /home/decker/cm14.1/out/target/product/smart_surf2_4g/system/usr/share/vim/syntax/context.vim
Install: /home/decker/cm14.1/out/target/product/smart_surf2_4g/system/usr/share/vim/syntax/cpp.vim
Install: /home/decker/cm14.1/out/target/product/smart_surf2_4g/system/usr/share/vim/syntax/css.vim
Install: /home/decker/cm14.1/out/target/product/smart_surf2_4g/system/usr/share/vim/syntax/diff.vim
Install: /home/decker/cm14.1/out/target/product/smart_surf2_4g/system/usr/share/vim/syntax/doxygen.vim
Install: /home/decker/cm14.1/out/target/product/smart_surf2_4g/system/usr/share/vim/syntax/dtd.vim
Install: /home/decker/cm14.1/out/target/product/smart_surf2_4g/system/usr/share/vim/syntax/gitcommit.vim
Install: /home/decker/cm14.1/out/target/product/smart_surf2_4g/system/usr/share/vim/syntax/help.vim
Install: /home/decker/cm14.1/out/target/product/smart_surf2_4g/system/usr/share/vim/syntax/html.vim
Install: /home/decker/cm14.1/out/target/product/smart_surf2_4g/system/usr/share/vim/syntax/java.vim
Install: /home/decker/cm14.1/out/target/product/smart_surf2_4g/system/usr/share/vim/syntax/javascript.vim
Install: /home/decker/cm14.1/out/target/product/smart_surf2_4g/system/usr/share/vim/syntax/logcat.vim
Install: /home/decker/cm14.1/out/target/product/smart_surf2_4g/system/usr/share/vim/syntax/lua.vim
Install: /home/decker/cm14.1/out/target/product/smart_surf2_4g/system/usr/share/vim/syntax/manual.vim
Install: /home/decker/cm14.1/out/target/product/smart_surf2_4g/system/usr/share/vim/syntax/markdown.vim
Install: /home/decker/cm14.1/out/target/product/smart_surf2_4g/system/usr/share/vim/syntax/pod.vim
Install: /home/decker/cm14.1/out/target/product/smart_surf2_4g/system/usr/share/vim/syntax/sh.vim
Install: /home/decker/cm14.1/out/target/product/smart_surf2_4g/system/usr/share/vim/syntax/syncolor.vim
Install: /home/decker/cm14.1/out/target/product/smart_surf2_4g/system/usr/share/vim/syntax/synload.vim
Install: /home/decker/cm14.1/out/target/product/smart_surf2_4g/system/usr/share/vim/syntax/syntax.vim
Install: /home/decker/cm14.1/out/target/product/smart_surf2_4g/system/usr/share/vim/syntax/vb.vim
Install: /home/decker/cm14.1/out/target/product/smart_surf2_4g/system/usr/share/vim/syntax/vim.vim
Install: /home/decker/cm14.1/out/target/product/smart_surf2_4g/system/usr/share/vim/syntax/xml.vim
target thumb C++: recovery <= bootable/recovery/adb_install.cpp
target thumb C++: recovery <= bootable/recovery/asn1_decoder.cpp
target thumb C++: recovery <= bootable/recovery/device.cpp
target thumb C++: recovery <= bootable/recovery/fuse_sdcard_provider.cpp
target thumb C++: recovery <= bootable/recovery/install.cpp
target thumb C++: recovery <= bootable/recovery/recovery.cpp
target thumb C++: recovery <= bootable/recovery/roots.cpp
target thumb C++: recovery <= bootable/recovery/screen_ui.cpp
target thumb C++: recovery <= bootable/recovery/ui.cpp
bootable/recovery/screen_ui.cpp:88:5: warning: field 'updateMutex' will be initialized after field 'progressCondition' [-Wreorder]
    updateMutex(PTHREAD_MUTEX_INITIALIZER),
    ^
1 warning generated.
target thumb C++: recovery <= bootable/recovery/verifier.cpp
target thumb C++: recovery <= bootable/recovery/wear_ui.cpp
target thumb C++: recovery <= bootable/recovery/wear_touch.cpp
target thumb C++: recovery <= bootable/recovery/voldclient.cpp
target thumb C++: recovery <= bootable/recovery/default_device.cpp
target thumb C++: recovery <= bootable/recovery/../../system/core/toolbox/start_stop.cpp
target thumb C++: recovery <= bootable/recovery/../../system/vold/vdc.cpp
target thumb C: recovery <= bootable/recovery/../../system/core/toolbox/newfs_msdos.c
target Strip: libmedia (/home/decker/cm14.1/out/target/product/smart_surf2_4g/obj/lib/libmedia.so)
target Symbolic: libdpframework (/home/decker/cm14.1/out/target/product/smart_surf2_4g/symbols/system/lib/libdpframework.so)
target StaticLib: libstagefright_color_conversion (/home/decker/cm14.1/out/target/product/smart_surf2_4g/obj/STATIC_LIBRARIES/libstagefright_color_conversion_intermediates/libstagefright_color_conversion.a)
target thumb C: toybox <= external/toybox/main.c
target Symbolic: libperfservice (/home/decker/cm14.1/out/target/product/smart_surf2_4g/symbols/system/lib/libperfservice.so)
target StaticExecutable: recovery (/home/decker/cm14.1/out/target/product/smart_surf2_4g/obj/EXECUTABLES/recovery_intermediates/LINKED/recovery)
Install: /home/decker/cm14.1/out/target/product/smart_surf2_4g/system/lib/libmedia.so
target SharedLib: bluetooth.default (/home/decker/cm14.1/out/target/product/smart_surf2_4g/obj/SHARED_LIBRARIES/bluetooth.default_intermediates/LINKED/bluetooth.default.so)
target SharedLib: libstagefright_omx (/home/decker/cm14.1/out/target/product/smart_surf2_4g/obj/SHARED_LIBRARIES/libstagefright_omx_intermediates/LINKED/libstagefright_omx.so)
target Strip: libdpframework (/home/decker/cm14.1/out/target/product/smart_surf2_4g/obj/lib/libdpframework.so)
target SharedLib: libaudioflinger (/home/decker/cm14.1/out/target/product/smart_surf2_4g/obj/SHARED_LIBRARIES/libaudioflinger_intermediates/LINKED/libaudioflinger.so)
target SharedLib: libaudiopolicyservice (/home/decker/cm14.1/out/target/product/smart_surf2_4g/obj/SHARED_LIBRARIES/libaudiopolicyservice_intermediates/LINKED/libaudiopolicyservice.so)
target SharedLib: libmedialogservice (/home/decker/cm14.1/out/target/product/smart_surf2_4g/obj/SHARED_LIBRARIES/libmedialogservice_intermediates/LINKED/libmedialogservice.so)
target SharedLib: libradioservice (/home/decker/cm14.1/out/target/product/smart_surf2_4g/obj/SHARED_LIBRARIES/libradioservice_intermediates/LINKED/libradioservice.so)
target SharedLib: libsoundtriggerservice (/home/decker/cm14.1/out/target/product/smart_surf2_4g/obj/SHARED_LIBRARIES/libsoundtriggerservice_intermediates/LINKED/libsoundtriggerservice.so)
target SharedLib: libcameraservice (/home/decker/cm14.1/out/target/product/smart_surf2_4g/obj/SHARED_LIBRARIES/libcameraservice_intermediates/LINKED/libcameraservice.so)
target Executable: drmserver (/home/decker/cm14.1/out/target/product/smart_surf2_4g/obj/EXECUTABLES/drmserver_intermediates/LINKED/drmserver)
target Executable: toybox (/home/decker/cm14.1/out/target/product/smart_surf2_4g/obj/EXECUTABLES/toybox_intermediates/LINKED/toybox)
target SharedLib: librtp_jni (/home/decker/cm14.1/out/target/product/smart_surf2_4g/obj/SHARED_LIBRARIES/librtp_jni_intermediates/LINKED/librtp_jni.so)
target Strip: libperfservice (/home/decker/cm14.1/out/target/product/smart_surf2_4g/obj/lib/libperfservice.so)
target Unpacked: recovery (/home/decker/cm14.1/out/target/product/smart_surf2_4g/obj/EXECUTABLES/recovery_intermediates/PACKED/recovery)
target SharedLib: libandroid_runtime (/home/decker/cm14.1/out/target/product/smart_surf2_4g/obj/SHARED_LIBRARIES/libandroid_runtime_intermediates/LINKED/libandroid_runtime.so)
target Pack Relocations: bluetooth.default (/home/decker/cm14.1/out/target/product/smart_surf2_4g/obj/SHARED_LIBRARIES/bluetooth.default_intermediates/PACKED/bluetooth.default.so)
target Pack Relocations: libstagefright_omx (/home/decker/cm14.1/out/target/product/smart_surf2_4g/obj/SHARED_LIBRARIES/libstagefright_omx_intermediates/PACKED/libstagefright_omx.so)
Copy: /home/decker/cm14.1/out/target/product/smart_surf2_4g/system/lib/libdpframework.so
target Pack Relocations: libaudioflinger (/home/decker/cm14.1/out/target/product/smart_surf2_4g/obj/SHARED_LIBRARIES/libaudioflinger_intermediates/PACKED/libaudioflinger.so)
target Pack Relocations: libaudiopolicyservice (/home/decker/cm14.1/out/target/product/smart_surf2_4g/obj/SHARED_LIBRARIES/libaudiopolicyservice_intermediates/PACKED/libaudiopolicyservice.so)
target Pack Relocations: libmedialogservice (/home/decker/cm14.1/out/target/product/smart_surf2_4g/obj/SHARED_LIBRARIES/libmedialogservice_intermediates/PACKED/libmedialogservice.so)
target Pack Relocations: libradioservice (/home/decker/cm14.1/out/target/product/smart_surf2_4g/obj/SHARED_LIBRARIES/libradioservice_intermediates/PACKED/libradioservice.so)
target Pack Relocations: libsoundtriggerservice (/home/decker/cm14.1/out/target/product/smart_surf2_4g/obj/SHARED_LIBRARIES/libsoundtriggerservice_intermediates/PACKED/libsoundtriggerservice.so)
target Pack Relocations: libcameraservice (/home/decker/cm14.1/out/target/product/smart_surf2_4g/obj/SHARED_LIBRARIES/libcameraservice_intermediates/PACKED/libcameraservice.so)
target Unpacked: drmserver (/home/decker/cm14.1/out/target/product/smart_surf2_4g/obj/EXECUTABLES/drmserver_intermediates/PACKED/drmserver)
target Unpacked: toybox (/home/decker/cm14.1/out/target/product/smart_surf2_4g/obj/EXECUTABLES/toybox_intermediates/PACKED/toybox)
target Pack Relocations: librtp_jni (/home/decker/cm14.1/out/target/product/smart_surf2_4g/obj/SHARED_LIBRARIES/librtp_jni_intermediates/PACKED/librtp_jni.so)
Copy: /home/decker/cm14.1/out/target/product/smart_surf2_4g/system/lib/libperfservice.so
target Symbolic: recovery (/home/decker/cm14.1/out/target/product/smart_surf2_4g/symbols/recovery/root/sbin/recovery)
target Pack Relocations: libandroid_runtime (/home/decker/cm14.1/out/target/product/smart_surf2_4g/obj/SHARED_LIBRARIES/libandroid_runtime_intermediates/PACKED/libandroid_runtime.so)
target Symbolic: bluetooth.default (/home/decker/cm14.1/out/target/product/smart_surf2_4g/symbols/system/lib/hw/bluetooth.default.so)
target Symbolic: libstagefright_omx (/home/decker/cm14.1/out/target/product/smart_surf2_4g/symbols/system/lib/libstagefright_omx.so)
target Symbolic: libaudioflinger (/home/decker/cm14.1/out/target/product/smart_surf2_4g/symbols/system/lib/libaudioflinger.so)
target Symbolic: libaudiopolicyservice (/home/decker/cm14.1/out/target/product/smart_surf2_4g/symbols/system/lib/libaudiopolicyservice.so)
target Symbolic: libmedialogservice (/home/decker/cm14.1/out/target/product/smart_surf2_4g/symbols/system/lib/libmedialogservice.so)
target Symbolic: libradioservice (/home/decker/cm14.1/out/target/product/smart_surf2_4g/symbols/system/lib/libradioservice.so)
target Symbolic: libsoundtriggerservice (/home/decker/cm14.1/out/target/product/smart_surf2_4g/symbols/system/lib/libsoundtriggerservice.so)
target Symbolic: libcameraservice (/home/decker/cm14.1/out/target/product/smart_surf2_4g/symbols/system/lib/libcameraservice.so)
target Symbolic: drmserver (/home/decker/cm14.1/out/target/product/smart_surf2_4g/symbols/system/bin/drmserver)
target Symbolic: toybox (/home/decker/cm14.1/out/target/product/smart_surf2_4g/symbols/system/bin/toybox)
target Symbolic: librtp_jni (/home/decker/cm14.1/out/target/product/smart_surf2_4g/symbols/system/lib/librtp_jni.so)
target Strip: recovery (/home/decker/cm14.1/out/target/product/smart_surf2_4g/obj/EXECUTABLES/recovery_intermediates/recovery)
target Symbolic: libandroid_runtime (/home/decker/cm14.1/out/target/product/smart_surf2_4g/symbols/system/lib/libandroid_runtime.so)
target Strip: bluetooth.default (/home/decker/cm14.1/out/target/product/smart_surf2_4g/obj/lib/bluetooth.default.so)
target Strip: libstagefright_omx (/home/decker/cm14.1/out/target/product/smart_surf2_4g/obj/lib/libstagefright_omx.so)
target Strip: libaudioflinger (/home/decker/cm14.1/out/target/product/smart_surf2_4g/obj/lib/libaudioflinger.so)
target Strip: libaudiopolicyservice (/home/decker/cm14.1/out/target/product/smart_surf2_4g/obj/lib/libaudiopolicyservice.so)
target Strip: libmedialogservice (/home/decker/cm14.1/out/target/product/smart_surf2_4g/obj/lib/libmedialogservice.so)
target Strip: libradioservice (/home/decker/cm14.1/out/target/product/smart_surf2_4g/obj/lib/libradioservice.so)
target Strip: libsoundtriggerservice (/home/decker/cm14.1/out/target/product/smart_surf2_4g/obj/lib/libsoundtriggerservice.so)
Install: /home/decker/cm14.1/out/target/product/smart_surf2_4g/system/lib/libaudioflinger.so
Install: /home/decker/cm14.1/out/target/product/smart_surf2_4g/system/lib/libaudiopolicyservice.so
Install: /home/decker/cm14.1/out/target/product/smart_surf2_4g/system/lib/libmedialogservice.so
Install: /home/decker/cm14.1/out/target/product/smart_surf2_4g/system/lib/libradioservice.so
Install: /home/decker/cm14.1/out/target/product/smart_surf2_4g/system/lib/libsoundtriggerservice.so
target Strip: libcameraservice (/home/decker/cm14.1/out/target/product/smart_surf2_4g/obj/lib/libcameraservice.so)
target Strip: drmserver (/home/decker/cm14.1/out/target/product/smart_surf2_4g/obj/EXECUTABLES/drmserver_intermediates/drmserver)
target Strip: toybox (/home/decker/cm14.1/out/target/product/smart_surf2_4g/obj/EXECUTABLES/toybox_intermediates/toybox)
target Strip: librtp_jni (/home/decker/cm14.1/out/target/product/smart_surf2_4g/obj/lib/librtp_jni.so)
Install: /home/decker/cm14.1/out/target/product/smart_surf2_4g/recovery/root/sbin/recovery
target Strip: libandroid_runtime (/home/decker/cm14.1/out/target/product/smart_surf2_4g/obj/lib/libandroid_runtime.so)
Install: /home/decker/cm14.1/out/target/product/smart_surf2_4g/system/lib/hw/bluetooth.default.so
Install: /home/decker/cm14.1/out/target/product/smart_surf2_4g/system/lib/libstagefright_omx.so
Install: /home/decker/cm14.1/out/target/product/smart_surf2_4g/system/lib/libcameraservice.so
Install: /home/decker/cm14.1/out/target/product/smart_surf2_4g/system/bin/drmserver
target SharedLib: libmediacodecservice (/home/decker/cm14.1/out/target/product/smart_surf2_4g/obj/SHARED_LIBRARIES/libmediacodecservice_intermediates/LINKED/libmediacodecservice.so)
Install: /home/decker/cm14.1/out/target/product/smart_surf2_4g/system/bin/toybox
Install: /home/decker/cm14.1/out/target/product/smart_surf2_4g/system/lib/librtp_jni.so
target SharedLib: libstagefright_soft_aacdec (/home/decker/cm14.1/out/target/product/smart_surf2_4g/obj/SHARED_LIBRARIES/libstagefright_soft_aacdec_intermediates/LINKED/libstagefright_soft_aacdec.so)
target SharedLib: libstagefright_soft_aacenc (/home/decker/cm14.1/out/target/product/smart_surf2_4g/obj/SHARED_LIBRARIES/libstagefright_soft_aacenc_intermediates/LINKED/libstagefright_soft_aacenc.so)
target SharedLib: libstagefright_soft_amrdec (/home/decker/cm14.1/out/target/product/smart_surf2_4g/obj/SHARED_LIBRARIES/libstagefright_soft_amrdec_intermediates/LINKED/libstagefright_soft_amrdec.so)
target SharedLib: libstagefright_soft_amrnbenc (/home/decker/cm14.1/out/target/product/smart_surf2_4g/obj/SHARED_LIBRARIES/libstagefright_soft_amrnbenc_intermediates/LINKED/libstagefright_soft_amrnbenc.so)
target SharedLib: libstagefright_soft_amrwbenc (/home/decker/cm14.1/out/target/product/smart_surf2_4g/obj/SHARED_LIBRARIES/libstagefright_soft_amrwbenc_intermediates/LINKED/libstagefright_soft_amrwbenc.so)
target SharedLib: libstagefright_soft_rawdec (/home/decker/cm14.1/out/target/product/smart_surf2_4g/obj/SHARED_LIBRARIES/libstagefright_soft_rawdec_intermediates/LINKED/libstagefright_soft_rawdec.so)
----- Making recovery ramdisk ------
Copying baseline ramdisk...
Install: /home/decker/cm14.1/out/target/product/smart_surf2_4g/system/lib/libandroid_runtime.so
Modifying ramdisk contents...
target SharedLib: libjnigraphics (/home/decker/cm14.1/out/target/product/smart_surf2_4g/obj/SHARED_LIBRARIES/libjnigraphics_intermediates/LINKED/libjnigraphics.so)
cp: не удалось выполнить stat для '/home/decker/cm14.1/out/target/product/smart_surf2_4g/root/init.recovery.*.rc': Нет такого файла или каталога
target SharedLib: libjni_pacprocessor (/home/decker/cm14.1/out/target/product/smart_surf2_4g/obj/SHARED_LIBRARIES/libjni_pacprocessor_intermediates/LINKED/libjni_pacprocessor.so)
target SharedLib: libttscompat (/home/decker/cm14.1/out/target/product/smart_surf2_4g/obj/SHARED_LIBRARIES/libttscompat_intermediates/LINKED/libttscompat.so)
target SharedLib: libjni_terminal (/home/decker/cm14.1/out/target/product/smart_surf2_4g/obj/SHARED_LIBRARIES/libjni_terminal_intermediates/LINKED/libjni_terminal.so)
# Mount the system_root_image to /system_root and symlink /system.
----- Making uncompressed recovery ramdisk ------
target SharedLib: libwebviewchromium_plat_support (/home/decker/cm14.1/out/target/product/smart_surf2_4g/obj/SHARED_LIBRARIES/libwebviewchromium_plat_support_intermediates/LINKED/libwebviewchromium_plat_support.so)
target SharedLib: libstagefright (/home/decker/cm14.1/out/target/product/smart_surf2_4g/obj/SHARED_LIBRARIES/libstagefright_intermediates/LINKED/libstagefright.so)
target Executable: audioserver (/home/decker/cm14.1/out/target/product/smart_surf2_4g/obj/EXECUTABLES/audioserver_intermediates/LINKED/audioserver)
target Executable: cameraserver (/home/decker/cm14.1/out/target/product/smart_surf2_4g/obj/EXECUTABLES/cameraserver_intermediates/LINKED/cameraserver)
target SharedLib: libhidcommand_jni (/home/decker/cm14.1/out/target/product/smart_surf2_4g/obj/SHARED_LIBRARIES/libhidcommand_jni_intermediates/LINKED/libhidcommand_jni.so)
target Pack Relocations: libmediacodecservice (/home/decker/cm14.1/out/target/product/smart_surf2_4g/obj/SHARED_LIBRARIES/libmediacodecservice_intermediates/PACKED/libmediacodecservice.so)
target SharedLib: libandroid (/home/decker/cm14.1/out/target/product/smart_surf2_4g/obj/SHARED_LIBRARIES/libandroid_intermediates/LINKED/libandroid.so)
target SharedLib: libandroid_servers (/home/decker/cm14.1/out/target/product/smart_surf2_4g/obj/SHARED_LIBRARIES/libandroid_servers_intermediates/LINKED/libandroid_servers.so)
target SharedLib: libaudioeffect_jni (/home/decker/cm14.1/out/target/product/smart_surf2_4g/obj/SHARED_LIBRARIES/libaudioeffect_jni_intermediates/LINKED/libaudioeffect_jni.so)
target SharedLib: libcamera2ndk (/home/decker/cm14.1/out/target/product/smart_surf2_4g/obj/SHARED_LIBRARIES/libcamera2ndk_intermediates/LINKED/libcamera2ndk.so)
target SharedLib: libcmsdk_platform_jni (/home/decker/cm14.1/out/target/product/smart_surf2_4g/obj/SHARED_LIBRARIES/libcmsdk_platform_jni_intermediates/LINKED/libcmsdk_platform_jni.so)
target SharedLib: libdrmframework_jni (/home/decker/cm14.1/out/target/product/smart_surf2_4g/obj/SHARED_LIBRARIES/libdrmframework_jni_intermediates/LINKED/libdrmframework_jni.so)
target Pack Relocations: libstagefright_soft_aacdec (/home/decker/cm14.1/out/target/product/smart_surf2_4g/obj/SHARED_LIBRARIES/libstagefright_soft_aacdec_intermediates/PACKED/libstagefright_soft_aacdec.so)
target Pack Relocations: libstagefright_soft_aacenc (/home/decker/cm14.1/out/target/product/smart_surf2_4g/obj/SHARED_LIBRARIES/libstagefright_soft_aacenc_intermediates/PACKED/libstagefright_soft_aacenc.so)
target Pack Relocations: libstagefright_soft_amrdec (/home/decker/cm14.1/out/target/product/smart_surf2_4g/obj/SHARED_LIBRARIES/libstagefright_soft_amrdec_intermediates/PACKED/libstagefright_soft_amrdec.so)
target Pack Relocations: libstagefright_soft_amrnbenc (/home/decker/cm14.1/out/target/product/smart_surf2_4g/obj/SHARED_LIBRARIES/libstagefright_soft_amrnbenc_intermediates/PACKED/libstagefright_soft_amrnbenc.so)
target Pack Relocations: libstagefright_soft_amrwbenc (/home/decker/cm14.1/out/target/product/smart_surf2_4g/obj/SHARED_LIBRARIES/libstagefright_soft_amrwbenc_intermediates/PACKED/libstagefright_soft_amrwbenc.so)
target Pack Relocations: libstagefright_soft_rawdec (/home/decker/cm14.1/out/target/product/smart_surf2_4g/obj/SHARED_LIBRARIES/libstagefright_soft_rawdec_intermediates/PACKED/libstagefright_soft_rawdec.so)
target SharedLib: libcmaudio_jni (/home/decker/cm14.1/out/target/product/smart_surf2_4g/obj/SHARED_LIBRARIES/libcmaudio_jni_intermediates/LINKED/libcmaudio_jni.so)
target SharedLib: libappfuse_jni (/home/decker/cm14.1/out/target/product/smart_surf2_4g/obj/SHARED_LIBRARIES/libappfuse_jni_intermediates/LINKED/libappfuse_jni.so)
----- Making compressed recovery ramdisk ------
target SharedLib: libbluetooth_jni (/home/decker/cm14.1/out/target/product/smart_surf2_4g/obj/SHARED_LIBRARIES/libbluetooth_jni_intermediates/LINKED/libbluetooth_jni.so)
target Pack Relocations: libjnigraphics (/home/decker/cm14.1/out/target/product/smart_surf2_4g/obj/SHARED_LIBRARIES/libjnigraphics_intermediates/PACKED/libjnigraphics.so)
target Pack Relocations: libjni_pacprocessor (/home/decker/cm14.1/out/target/product/smart_surf2_4g/obj/SHARED_LIBRARIES/libjni_pacprocessor_intermediates/PACKED/libjni_pacprocessor.so)
target Pack Relocations: libttscompat (/home/decker/cm14.1/out/target/product/smart_surf2_4g/obj/SHARED_LIBRARIES/libttscompat_intermediates/PACKED/libttscompat.so)
target Pack Relocations: libjni_terminal (/home/decker/cm14.1/out/target/product/smart_surf2_4g/obj/SHARED_LIBRARIES/libjni_terminal_intermediates/PACKED/libjni_terminal.so)
target Pack Relocations: libwebviewchromium_plat_support (/home/decker/cm14.1/out/target/product/smart_surf2_4g/obj/SHARED_LIBRARIES/libwebviewchromium_plat_support_intermediates/PACKED/libwebviewchromium_plat_support.so)
target Pack Relocations: libstagefright (/home/decker/cm14.1/out/target/product/smart_surf2_4g/obj/SHARED_LIBRARIES/libstagefright_intermediates/PACKED/libstagefright.so)
target Unpacked: audioserver (/home/decker/cm14.1/out/target/product/smart_surf2_4g/obj/EXECUTABLES/audioserver_intermediates/PACKED/audioserver)
target Unpacked: cameraserver (/home/decker/cm14.1/out/target/product/smart_surf2_4g/obj/EXECUTABLES/cameraserver_intermediates/PACKED/cameraserver)
target Pack Relocations: libhidcommand_jni (/home/decker/cm14.1/out/target/product/smart_surf2_4g/obj/SHARED_LIBRARIES/libhidcommand_jni_intermediates/PACKED/libhidcommand_jni.so)
target Symbolic: libmediacodecservice (/home/decker/cm14.1/out/target/product/smart_surf2_4g/symbols/system/lib/libmediacodecservice.so)
target Pack Relocations: libandroid (/home/decker/cm14.1/out/target/product/smart_surf2_4g/obj/SHARED_LIBRARIES/libandroid_intermediates/PACKED/libandroid.so)
target Pack Relocations: libandroid_servers (/home/decker/cm14.1/out/target/product/smart_surf2_4g/obj/SHARED_LIBRARIES/libandroid_servers_intermediates/PACKED/libandroid_servers.so)
target Pack Relocations: libaudioeffect_jni (/home/decker/cm14.1/out/target/product/smart_surf2_4g/obj/SHARED_LIBRARIES/libaudioeffect_jni_intermediates/PACKED/libaudioeffect_jni.so)
target Pack Relocations: libcamera2ndk (/home/decker/cm14.1/out/target/product/smart_surf2_4g/obj/SHARED_LIBRARIES/libcamera2ndk_intermediates/PACKED/libcamera2ndk.so)
target Pack Relocations: libcmsdk_platform_jni (/home/decker/cm14.1/out/target/product/smart_surf2_4g/obj/SHARED_LIBRARIES/libcmsdk_platform_jni_intermediates/PACKED/libcmsdk_platform_jni.so)
target Pack Relocations: libdrmframework_jni (/home/decker/cm14.1/out/target/product/smart_surf2_4g/obj/SHARED_LIBRARIES/libdrmframework_jni_intermediates/PACKED/libdrmframework_jni.so)
target Symbolic: libstagefright_soft_aacdec (/home/decker/cm14.1/out/target/product/smart_surf2_4g/symbols/system/lib/libstagefright_soft_aacdec.so)
target Symbolic: libstagefright_soft_aacenc (/home/decker/cm14.1/out/target/product/smart_surf2_4g/symbols/system/lib/libstagefright_soft_aacenc.so)
target Symbolic: libstagefright_soft_amrdec (/home/decker/cm14.1/out/target/product/smart_surf2_4g/symbols/system/lib/libstagefright_soft_amrdec.so)
target Symbolic: libstagefright_soft_amrnbenc (/home/decker/cm14.1/out/target/product/smart_surf2_4g/symbols/system/lib/libstagefright_soft_amrnbenc.so)
target Symbolic: libstagefright_soft_amrwbenc (/home/decker/cm14.1/out/target/product/smart_surf2_4g/symbols/system/lib/libstagefright_soft_amrwbenc.so)
target Symbolic: libstagefright_soft_rawdec (/home/decker/cm14.1/out/target/product/smart_surf2_4g/symbols/system/lib/libstagefright_soft_rawdec.so)
target Pack Relocations: libcmaudio_jni (/home/decker/cm14.1/out/target/product/smart_surf2_4g/obj/SHARED_LIBRARIES/libcmaudio_jni_intermediates/PACKED/libcmaudio_jni.so)
target Pack Relocations: libappfuse_jni (/home/decker/cm14.1/out/target/product/smart_surf2_4g/obj/SHARED_LIBRARIES/libappfuse_jni_intermediates/PACKED/libappfuse_jni.so)
----- Making recovery image ------
target Pack Relocations: libbluetooth_jni (/home/decker/cm14.1/out/target/product/smart_surf2_4g/obj/SHARED_LIBRARIES/libbluetooth_jni_intermediates/PACKED/libbluetooth_jni.so)
target Symbolic: libjnigraphics (/home/decker/cm14.1/out/target/product/smart_surf2_4g/symbols/system/lib/libjnigraphics.so)
target Symbolic: libjni_pacprocessor (/home/decker/cm14.1/out/target/product/smart_surf2_4g/symbols/system/lib/libjni_pacprocessor.so)
+/home/decker/cm14.1/out/target/product/smart_surf2_4g/recovery.img maxsize=17031168 blocksize=135168 total=11845632 reserve=270336
Made recovery image: /home/decker/cm14.1/out/target/product/smart_surf2_4g/recovery.img
target Symbolic: libttscompat (/home/decker/cm14.1/out/target/product/smart_surf2_4g/symbols/system/lib/libttscompat.so)
target Symbolic: libjni_terminal (/home/decker/cm14.1/out/target/product/smart_surf2_4g/symbols/system/lib/libjni_terminal.so)
target Symbolic: libwebviewchromium_plat_support (/home/decker/cm14.1/out/target/product/smart_surf2_4g/symbols/system/lib/libwebviewchromium_plat_support.so)
target Symbolic: libstagefright (/home/decker/cm14.1/out/target/product/smart_surf2_4g/symbols/system/lib/libstagefright.so)
target Symbolic: audioserver (/home/decker/cm14.1/out/target/product/smart_surf2_4g/symbols/system/bin/audioserver)
target Symbolic: cameraserver (/home/decker/cm14.1/out/target/product/smart_surf2_4g/symbols/system/bin/cameraserver)
target Symbolic: libhidcommand_jni (/home/decker/cm14.1/out/target/product/smart_surf2_4g/symbols/system/lib/libhidcommand_jni.so)
target Strip: libmediacodecservice (/home/decker/cm14.1/out/target/product/smart_surf2_4g/obj/lib/libmediacodecservice.so)
target Symbolic: libandroid (/home/decker/cm14.1/out/target/product/smart_surf2_4g/symbols/system/lib/libandroid.so)
target Symbolic: libandroid_servers (/home/decker/cm14.1/out/target/product/smart_surf2_4g/symbols/system/lib/libandroid_servers.so)
target Symbolic: libaudioeffect_jni (/home/decker/cm14.1/out/target/product/smart_surf2_4g/symbols/system/lib/libaudioeffect_jni.so)
target Symbolic: libcamera2ndk (/home/decker/cm14.1/out/target/product/smart_surf2_4g/symbols/system/lib/libcamera2ndk.so)
target Symbolic: libcmsdk_platform_jni (/home/decker/cm14.1/out/target/product/smart_surf2_4g/symbols/system/lib/libcmsdk_platform_jni.so)
target Symbolic: libdrmframework_jni (/home/decker/cm14.1/out/target/product/smart_surf2_4g/symbols/system/lib/libdrmframework_jni.so)
target Strip: libstagefright_soft_aacdec (/home/decker/cm14.1/out/target/product/smart_surf2_4g/obj/lib/libstagefright_soft_aacdec.so)
target Strip: libstagefright_soft_aacenc (/home/decker/cm14.1/out/target/product/smart_surf2_4g/obj/lib/libstagefright_soft_aacenc.so)
target Strip: libstagefright_soft_amrdec (/home/decker/cm14.1/out/target/product/smart_surf2_4g/obj/lib/libstagefright_soft_amrdec.so)
target Strip: libstagefright_soft_amrnbenc (/home/decker/cm14.1/out/target/product/smart_surf2_4g/obj/lib/libstagefright_soft_amrnbenc.so)
target Strip: libstagefright_soft_amrwbenc (/home/decker/cm14.1/out/target/product/smart_surf2_4g/obj/lib/libstagefright_soft_amrwbenc.so)
target Strip: libstagefright_soft_rawdec (/home/decker/cm14.1/out/target/product/smart_surf2_4g/obj/lib/libstagefright_soft_rawdec.so)
target Symbolic: libcmaudio_jni (/home/decker/cm14.1/out/target/product/smart_surf2_4g/symbols/system/lib/libcmaudio_jni.so)
target Symbolic: libappfuse_jni (/home/decker/cm14.1/out/target/product/smart_surf2_4g/symbols/system/lib/libappfuse_jni.so)
Target build info: /home/decker/cm14.1/out/target/product/smart_surf2_4g/system/build.prop
Construct recovery from boot
mkdir -p /home/decker/cm14.1/out/target/product/smart_surf2_4g/obj/PACKAGING/recovery_patch_intermediates/
PATH=/home/decker/cm14.1/out/host/linux-x86/bin:$PATH /home/decker/cm14.1/out/host/linux-x86/bin/imgdiff /home/decker/cm14.1/out/target/product/smart_surf2_4g/boot.img /home/decker/cm14.1/out/target/product/smart_surf2_4g/recovery.img /home/decker/cm14.1/out/target/product/smart_surf2_4g/obj/PACKAGING/recovery_patch_intermediates/recovery_from_boot.p
target Symbolic: libbluetooth_jni (/home/decker/cm14.1/out/target/product/smart_surf2_4g/symbols/system/lib/libbluetooth_jni.so)
target Strip: libjnigraphics (/home/decker/cm14.1/out/target/product/smart_surf2_4g/obj/lib/libjnigraphics.so)
target Strip: libjni_pacprocessor (/home/decker/cm14.1/out/target/product/smart_surf2_4g/obj/lib/libjni_pacprocessor.so)
target Strip: libttscompat (/home/decker/cm14.1/out/target/product/smart_surf2_4g/obj/lib/libttscompat.so)
target Strip: libjni_terminal (/home/decker/cm14.1/out/target/product/smart_surf2_4g/obj/lib/libjni_terminal.so)
target Strip: libwebviewchromium_plat_support (/home/decker/cm14.1/out/target/product/smart_surf2_4g/obj/lib/libwebviewchromium_plat_support.so)
target Strip: libstagefright (/home/decker/cm14.1/out/target/product/smart_surf2_4g/obj/lib/libstagefright.so)
target Strip: audioserver (/home/decker/cm14.1/out/target/product/smart_surf2_4g/obj/EXECUTABLES/audioserver_intermediates/audioserver)
target Strip: cameraserver (/home/decker/cm14.1/out/target/product/smart_surf2_4g/obj/EXECUTABLES/cameraserver_intermediates/cameraserver)
target Strip: libhidcommand_jni (/home/decker/cm14.1/out/target/product/smart_surf2_4g/obj/lib/libhidcommand_jni.so)
Install: /home/decker/cm14.1/out/target/product/smart_surf2_4g/system/lib/libmediacodecservice.so
target Strip: libandroid (/home/decker/cm14.1/out/target/product/smart_surf2_4g/obj/lib/libandroid.so)
target Strip: libandroid_servers (/home/decker/cm14.1/out/target/product/smart_surf2_4g/obj/lib/libandroid_servers.so)
target Strip: libaudioeffect_jni (/home/decker/cm14.1/out/target/product/smart_surf2_4g/obj/lib/libaudioeffect_jni.so)
target Strip: libcamera2ndk (/home/decker/cm14.1/out/target/product/smart_surf2_4g/obj/lib/libcamera2ndk.so)
target Strip: libcmsdk_platform_jni (/home/decker/cm14.1/out/target/product/smart_surf2_4g/obj/lib/libcmsdk_platform_jni.so)
target Strip: libdrmframework_jni (/home/decker/cm14.1/out/target/product/smart_surf2_4g/obj/lib/libdrmframework_jni.so)
Install: /home/decker/cm14.1/out/target/product/smart_surf2_4g/system/lib/libstagefright_soft_aacdec.so
Install: /home/decker/cm14.1/out/target/product/smart_surf2_4g/system/lib/libstagefright_soft_aacenc.so
Install: /home/decker/cm14.1/out/target/product/smart_surf2_4g/system/lib/libstagefright_soft_amrdec.so
Install: /home/decker/cm14.1/out/target/product/smart_surf2_4g/system/lib/libstagefright_soft_amrnbenc.so
Install: /home/decker/cm14.1/out/target/product/smart_surf2_4g/system/lib/libstagefright_soft_amrwbenc.so
Install: /home/decker/cm14.1/out/target/product/smart_surf2_4g/system/lib/libstagefright_soft_rawdec.so
target Strip: libcmaudio_jni (/home/decker/cm14.1/out/target/product/smart_surf2_4g/obj/lib/libcmaudio_jni.so)
target Strip: libappfuse_jni (/home/decker/cm14.1/out/target/product/smart_surf2_4g/obj/lib/libappfuse_jni.so)
target Executable: dnschk (/home/decker/cm14.1/out/target/product/smart_surf2_4g/obj/EXECUTABLES/dnschk_intermediates/LINKED/dnschk)
target Executable: httpurl (/home/decker/cm14.1/out/target/product/smart_surf2_4g/obj/EXECUTABLES/httpurl_intermediates/LINKED/httpurl)
target Strip: libbluetooth_jni (/home/decker/cm14.1/out/target/product/smart_surf2_4g/obj/lib/libbluetooth_jni.so)
Install: /home/decker/cm14.1/out/target/product/smart_surf2_4g/system/lib/libjnigraphics.so
Install: /home/decker/cm14.1/out/target/product/smart_surf2_4g/system/lib/libjni_pacprocessor.so
Install: /home/decker/cm14.1/out/target/product/smart_surf2_4g/system/lib/libttscompat.so
target SharedLib: libprintspooler_jni (/home/decker/cm14.1/out/target/product/smart_surf2_4g/obj/SHARED_LIBRARIES/libprintspooler_jni_intermediates/LINKED/libprintspooler_jni.so)
Install: /home/decker/cm14.1/out/target/product/smart_surf2_4g/system/lib/libjni_terminal.so
Install: /home/decker/cm14.1/out/target/product/smart_surf2_4g/system/lib/libwebviewchromium_plat_support.so
Install: /home/decker/cm14.1/out/target/product/smart_surf2_4g/system/lib/libstagefright.so
Install: /home/decker/cm14.1/out/target/product/smart_surf2_4g/system/bin/audioserver
Install: /home/decker/cm14.1/out/target/product/smart_surf2_4g/system/bin/cameraserver
Install: /home/decker/cm14.1/out/target/product/smart_surf2_4g/system/lib/libhidcommand_jni.so
target Executable: mediacodec (/home/decker/cm14.1/out/target/product/smart_surf2_4g/obj/EXECUTABLES/mediacodec_intermediates/LINKED/mediacodec)
target SharedLib: libmediadrm (/home/decker/cm14.1/out/target/product/smart_surf2_4g/obj/SHARED_LIBRARIES/libmediadrm_intermediates/LINKED/libmediadrm.so)
target SharedLib: libstagefright_httplive (/home/decker/cm14.1/out/target/product/smart_surf2_4g/obj/SHARED_LIBRARIES/libstagefright_httplive_intermediates/LINKED/libstagefright_httplive.so)
target SharedLib: libstagefright_wfd (/home/decker/cm14.1/out/target/product/smart_surf2_4g/obj/SHARED_LIBRARIES/libstagefright_wfd_intermediates/LINKED/libstagefright_wfd.so)
target SharedLib: libmediaextractorservice (/home/decker/cm14.1/out/target/product/smart_surf2_4g/obj/SHARED_LIBRARIES/libmediaextractorservice_intermediates/LINKED/libmediaextractorservice.so)
target SharedLib: libresourcemanagerservice (/home/decker/cm14.1/out/target/product/smart_surf2_4g/obj/SHARED_LIBRARIES/libresourcemanagerservice_intermediates/LINKED/libresourcemanagerservice.so)
target Executable: screenrecord (/home/decker/cm14.1/out/target/product/smart_surf2_4g/obj/EXECUTABLES/screenrecord_intermediates/LINKED/screenrecord)
target SharedLib: libFFTEm (/home/decker/cm14.1/out/target/product/smart_surf2_4g/obj/SHARED_LIBRARIES/libFFTEm_intermediates/LINKED/libFFTEm.so)
